{
  "stats": {
    "suites": 1,
    "tests": 4,
    "passes": 4,
    "pending": 0,
    "failures": 0,
    "start": "2022-02-28T00:47:35.966Z",
    "end": "2022-02-28T00:47:36.672Z",
    "duration": 706,
    "testsRegistered": 4,
    "passPercent": 100,
    "pendingPercent": 0,
    "other": 0,
    "hasOther": false,
    "skipped": 0,
    "hasSkipped": false
  },
  "results": [
    {
      "uuid": "7f311c89-e1cf-4253-a7b8-1afc7ae843d5",
      "title": "",
      "fullFile": "cypress/framework/ToDoAPITest.spec.js",
      "file": "cypress/framework/ToDoAPITest.spec.js",
      "beforeHooks": [],
      "afterHooks": [],
      "tests": [],
      "suites": [
        {
          "uuid": "138bd623-3a45-41d3-89fe-809522a0cc38",
          "title": "ToDo API Test",
          "fullFile": "",
          "file": "",
          "beforeHooks": [],
          "afterHooks": [],
          "tests": [
            {
              "title": "Task 1 Api_login",
              "fullTitle": "ToDo API Test Task 1 Api_login",
              "timedOut": null,
              "duration": 272,
              "state": "passed",
              "speed": "fast",
              "pass": true,
              "fail": false,
              "pending": false,
              "context": null,
              "code": "cy.request({\n  method: 'POST',\n  url: Cypress.config(\"apibaseUrl\") + '/users/login',\n  headers: {\n    'Content-Type': 'application/json'\n  },\n  body: {\n    \"email\": this.data.username,\n    \"password\": this.data.password\n  }\n}).then(res => {\n  cy.log(JSON.stringify(res));\n  expect(res.status).to.eq(200);\n  expect(res.body.firstname).to.not.eq(null);\n  let token_value = res.body;\n  access_token = token_value['access_token'];\n});",
              "err": {},
              "uuid": "cca4a6d4-2179-4750-ba30-9b99e471b5c3",
              "parentUUID": "138bd623-3a45-41d3-89fe-809522a0cc38",
              "isHook": false,
              "skipped": false
            },
            {
              "title": "Task 2 Create_Todo",
              "fullTitle": "ToDo API Test Task 2 Create_Todo",
              "timedOut": null,
              "duration": 144,
              "state": "passed",
              "speed": "fast",
              "pass": true,
              "fail": false,
              "pending": false,
              "context": null,
              "code": "cy.request({\n  method: 'POST',\n  url: Cypress.config(\"apibaseUrl\") + '/tasks',\n  headers: {\n    'Content-Type': 'application/json',\n    'Authorization': 'Bearer ' + access_token\n  },\n  body: {\n    \"item\": this.data.todo_list,\n    \"isCompleted\": false\n  }\n}).then(res => {\n  cy.log(JSON.stringify(res));\n  expect(res.status).to.eq(201);\n  expect(res.body.addedTask.isCompleted).to.eq(false);\n  expect(res.body.addedTask._id).to.not.eq(null);\n  let id = res.body;\n  created_id = id.addedTask._id;\n});",
              "err": {},
              "uuid": "95f1a631-0235-44bc-97e8-19f376486c6a",
              "parentUUID": "138bd623-3a45-41d3-89fe-809522a0cc38",
              "isHook": false,
              "skipped": false
            },
            {
              "title": "Task 3 Complete_Todo",
              "fullTitle": "ToDo API Test Task 3 Complete_Todo",
              "timedOut": null,
              "duration": 136,
              "state": "passed",
              "speed": "fast",
              "pass": true,
              "fail": false,
              "pending": false,
              "context": null,
              "code": "cy.request({\n  method: 'PUT',\n  url: Cypress.config(\"apibaseUrl\") + '/tasks/' + created_id,\n  headers: {\n    'Content-Type': 'application/json',\n    'Authorization': 'Bearer ' + access_token\n  },\n  body: {\n    \"item\": this.data.todo_list,\n    \"isCompleted\": true\n  }\n}).then(res => {\n  cy.log(JSON.stringify(res));\n  expect(res.status).to.eq(200);\n  expect(res.body.updatedTask.isCompleted).to.eq(true);\n  expect(res.body.updatedTask._id).to.eq(created_id);\n  expect(res.body.updatedTask.item).to.eq(this.data.todo_list);\n});",
              "err": {},
              "uuid": "936809ea-1fdd-4ec9-acd2-3db92b5bc248",
              "parentUUID": "138bd623-3a45-41d3-89fe-809522a0cc38",
              "isHook": false,
              "skipped": false
            },
            {
              "title": "Task 4 Delete_Todo",
              "fullTitle": "ToDo API Test Task 4 Delete_Todo",
              "timedOut": null,
              "duration": 127,
              "state": "passed",
              "speed": "fast",
              "pass": true,
              "fail": false,
              "pending": false,
              "context": null,
              "code": "cy.request({\n  method: 'DELETE',\n  url: Cypress.config(\"apibaseUrl\") + '/tasks/' + created_id,\n  headers: {\n    'Content-Type': 'application/json',\n    'Authorization': 'Bearer ' + access_token\n  }\n}).then(res => {\n  cy.log(JSON.stringify(res));\n  expect(res.status).to.eq(200);\n  expect(res.body.deletedTask.isCompleted).to.eq(true);\n  expect(res.body.deletedTask._id).to.eq(created_id);\n  expect(res.body.deletedTask.item).to.eq(this.data.todo_list);\n  expect(res.body.deletedTask.userID).to.not.eq(null);\n});",
              "err": {},
              "uuid": "98d906eb-5b9f-4c24-bc92-ea5713e12a1a",
              "parentUUID": "138bd623-3a45-41d3-89fe-809522a0cc38",
              "isHook": false,
              "skipped": false
            }
          ],
          "suites": [],
          "passes": [
            "cca4a6d4-2179-4750-ba30-9b99e471b5c3",
            "95f1a631-0235-44bc-97e8-19f376486c6a",
            "936809ea-1fdd-4ec9-acd2-3db92b5bc248",
            "98d906eb-5b9f-4c24-bc92-ea5713e12a1a"
          ],
          "failures": [],
          "pending": [],
          "skipped": [],
          "duration": 679,
          "root": false,
          "rootEmpty": false,
          "_timeout": 2000
        }
      ],
      "passes": [],
      "failures": [],
      "pending": [],
      "skipped": [],
      "duration": 0,
      "root": true,
      "rootEmpty": true,
      "_timeout": 2000
    }
  ],
  "meta": {
    "mocha": {
      "version": "7.0.1"
    },
    "mochawesome": {
      "options": {
        "quiet": false,
        "reportFilename": "report",
        "saveHtml": true,
        "saveJson": true,
        "consoleReporter": "spec",
        "useInlineDiffs": false,
        "code": true
      },
      "version": "6.3.1"
    },
    "marge": {
      "options": {
        "reportDir": "cypress/reports",
        "reportFilename": "report",
        "overwrite": false,
        "html": true,
        "json": true,
        "charts": true
      },
      "version": "5.2.0"
    }
  }
}